        -:    0:Source:Logger.cpp
        -:    0:Programs:6
        -:    1:#include <iostream>
        -:    2:#include<ctime>
        -:    3:#include "Logger.h"
        -:    4://#include<stdlib>
        -:    5:#include<fstream>
        -:    6:
        -:    7:using namespace std;
        -:    8:
      478:    9:void _log(FILE* fd, char* file, int line, char* msg,int log_level)
        -:   10:{
      478:   11:       time_t t=time(0);
      478:   12:        if(log_level==2)
        -:   13:	{
       45:   14:		printf("\033[1;31m%s",msg);
        -:   15:	}
      433:   16:	else if(log_level==3)
        -:   17:        {
        3:   18:                printf("\033[1;33m%s",msg);
        -:   19:        }
        -:   20:
      430:   21:	else if(log_level==4)
        -:   22:	{
      189:   23:		printf("\033[32;1m%s",msg);
        -:   24:	}
      241:   25:	 else if(log_level==5)
        -:   26:        {
      241:   27:                printf("\033[36m%s",msg);
        -:   28:        }
        -:   29:
        -:   30:	/*else
        -:   31:	{ 
        -:   32:	    printf("\033[0m%s","");
        -:   33:	}*/
        -:   34:	//ofstream lg;
        -:   35:	//lg.open("log.txt","+a");
        -:   36:	FILE *lg;
      478:   37:        lg= fopen("log.txt","a+");
      956:   38:	std:string timestr= ctime(&t);
      478:   39:	timestr = timestr.substr(0,timestr.length()-1);
      478:   40:        fprintf(lg,"[%s][%s]:[%d] %s\n",const_cast<char*>(timestr.c_str()), file, line, msg);
      478:   41:	fclose(lg);
      478:   42:	printf("\033[0m%s","");
      529:   43:}
        -:   44:        
