        -:    0:Source:main.cpp
        -:    0:Programs:6
        -:    1:#include<iostream>
        -:    2:#include<stdio.h>
        -:    3:#include "server_client.h"
        -:    4:#include<unistd.h>
        -:    5:#include "Users.h"
        -:    6:#include "Menu.h"
        -:    7:#include "location.h"
        -:    8:#include "Logger.h"
       17:    9:int main()
        -:   10:{
        -:   11:   
       28:   12:	Users users;
       17:   13:	int loginOption=ONE;
        -:   14:        //cout<< "\t\t\t***********************************************\n";
        -:   15:	//cout<< "\t\t\t|           Welcome to                        |\n";
        -:   16:	//cout<< "\t\t\t|    Online Food Ordering System              |\n";
        -:   17:	//cout<< "\t\t\t***********************************************\n";
        -:   18:	
       17:   19:	info("             ********************************************");
       17:   20:        notice("\n                        WELCOME TO ONLINE            ");
       17:   21:        notice("\n                        FOOD DELIVER SYSTEM         \n");
       17:   22:        info("             ********************************************");
        -:   23:
        -:   24:	//notice("\t\t\tWELCOME TO ONLINE FOOD ORDERING SYSTEM");
       17:   25:	cout<<"\n1. Login" << endl << "2. Sign Up "<<endl << "3. Customer Support"<<endl;
       17:   26:	notice("\nSelect option: ");
       17:   27:	cin>>loginOption;
       17:   28:	switch(loginOption)
        -:   29:	{
       10:   30:		case 1:
       10:   31:			users.LoginWithRetrys();
       10:   32:			break;
        1:   33:		case 2:
        1:   34:			users.SignUp();
        1:   35:			users.LoginWithRetrys();
        1:   36:			break;
        5:   37:		case 3:
        -:   38:			Customer customer;
        5:   39:			customer.customerSupport();
        5:   40:			cout<<"\nWe hope your issues are resolved!\nThank You Visit Again\n"<<endl;
        5:   41:			exit(1);
        -:   42:
        1:   43:		default:
        1:   44:			error("\nInvalid Option\n");
        1:   45:			break;
        -:   46:
        -:   47:
        -:   48:	}
       12:   49:	if(users.LoginSuccess)
        -:   50:        {     
        -:   51:		Location l;
       11:   52:		l.Location_transition();
       11:   53:		if(users.IsAdmin)
        -:   54:		{
        -:   55:			
        4:   56:			Menu menu_obj;
        2:   57:			menu_obj.AdminTransistion();
        -:   58:		
        -:   59:		}
        -:   60:		else
        -:   61:		{
        -:   62:			
       17:   63:		    Menu menu_obj;
        9:   64:		    menu_obj.UserTransistion();
        8:   65:                    menu_obj.FeedbackForManagement();
        -:   66:		}
        -:   67:		/*Menu menu_obj;
        -:   68:                menu_obj.FeedbackForManagement();*/
        -:   69:
        -:   70:	}
        -:   71:	
       11:   72:	return 0;
        -:   73:	
        -:   74:
       51:   75:}
